<?xml version="1.0" encoding="UTF-8"?>
<!-- Generated by org.testng.reporters.JUnitReportReporter -->
<testsuite hostname="RAYAN" failures="0" tests="4" name="Boishak_TestRunner.Boishak_TestRunner" time="50.428" errors="0" timestamp="2023-09-21T02:56:31 EDT" skipped="0">
  <testcase classname="Boishak_TestRunner.Boishak_TestRunner" name="feature" time="4.710"/>
  <testcase classname="Boishak_TestRunner.Boishak_TestRunner" name="feature" time="12.320"/>
  <testcase classname="Boishak_TestRunner.Boishak_TestRunner" name="feature" time="9.343"/>
  <testcase classname="Boishak_TestRunner.Boishak_TestRunner" name="feature" time="24.055"/>
</testsuite> <!-- Boishak_TestRunner.Boishak_TestRunner -->
